# JRE version: Java(TM) SE Runtime Environment (10.0.2+13) (build 10.0.2+13)
# Java VM: Java HotSpot(TM) 64-Bit Server VM (10.0.2+13, mixed mode, tiered, compressed oops, g1 gc, windows-amd64)
Heap:
 garbage-first heap   total 32768K, used 21878K [0x00000000a0000000, 0x0000000100000000)
  region size 1024K, 6 young (6144K), 1 survivors (1024K)
 Metaspace       used 52379K, capacity 53457K, committed 53808K, reserved 1095680K
  class space    used 6522K, capacity 6890K, committed 6960K, reserved 1048576K
GC Heap History (10 events):
Event: 62.816 GC heap before
{Heap before GC invocations=15 (full 0):
 garbage-first heap   total 32768K, used 22779K [0x00000000a0000000, 0x0000000100000000)
  region size 1024K, 9 young (9216K), 1 survivors (1024K)
 Metaspace       used 45449K, capacity 46453K, committed 46896K, reserved 1089536K
  class space    used 5759K, capacity 6104K, committed 6192K, reserved 1048576K
}
Event: 62.830 GC heap after
{Heap after GC invocations=16 (full 0):
 garbage-first heap   total 32768K, used 14891K [0x00000000a0000000, 0x0000000100000000)
  region size 1024K, 2 young (2048K), 2 survivors (2048K)
 Metaspace       used 45449K, capacity 46453K, committed 46896K, reserved 1089536K
  class space    used 5759K, capacity 6104K, committed 6192K, reserved 1048576K
}
Event: 63.554 GC heap before
{Heap before GC invocations=16 (full 0):
 garbage-first heap   total 32768K, used 23083K [0x00000000a0000000, 0x0000000100000000)
  region size 1024K, 10 young (10240K), 2 survivors (2048K)
 Metaspace       used 46235K, capacity 47281K, committed 47792K, reserved 1091584K
  class space    used 5859K, capacity 6220K, committed 6320K, reserved 1048576K
}
Event: 63.564 GC heap after
{Heap after GC invocations=17 (full 0):
 garbage-first heap   total 32768K, used 15280K [0x00000000a0000000, 0x0000000100000000)
  region size 1024K, 2 young (2048K), 2 survivors (2048K)
 Metaspace       used 46235K, capacity 47281K, committed 47792K, reserved 1091584K
  class space    used 5859K, capacity 6220K, committed 6320K, reserved 1048576K
}
Event: 65.851 GC heap before
{Heap before GC invocations=17 (full 0):
 garbage-first heap   total 32768K, used 23472K [0x00000000a0000000, 0x0000000100000000)
  region size 1024K, 10 young (10240K), 2 survivors (2048K)
 Metaspace       used 48384K, capacity 49448K, committed 49840K, reserved 1093632K
  class space    used 6154K, capacity 6498K, committed 6576K, reserved 1048576K
}
Event: 65.862 GC heap after
{Heap after GC invocations=18 (full 0):
 garbage-first heap   total 32768K, used 15454K [0x00000000a0000000, 0x0000000100000000)
  region size 1024K, 1 young (1024K), 1 survivors (1024K)
 Metaspace       used 48384K, capacity 49448K, committed 49840K, reserved 1093632K
  class space    used 6154K, capacity 6498K, committed 6576K, reserved 1048576K
}
Event: 66.815 GC heap before
{Heap before GC invocations=18 (full 0):
 garbage-first heap   total 32768K, used 23646K [0x00000000a0000000, 0x0000000100000000)
  region size 1024K, 9 young (9216K), 1 survivors (1024K)
 Metaspace       used 50126K, capacity 51141K, committed 51504K, reserved 1093632K
  class space    used 6283K, capacity 6651K, committed 6704K, reserved 1048576K
}
Event: 66.824 GC heap after
{Heap after GC invocations=19 (full 0):
 garbage-first heap   total 32768K, used 16542K [0x00000000a0000000, 0x0000000100000000)
  region size 1024K, 2 young (2048K), 2 survivors (2048K)
 Metaspace       used 50126K, capacity 51141K, committed 51504K, reserved 1093632K
  class space    used 6283K, capacity 6651K, committed 6704K, reserved 1048576K
}
Event: 67.887 GC heap before
{Heap before GC invocations=20 (full 0):
 garbage-first heap   total 32768K, used 25758K [0x00000000a0000000, 0x0000000100000000)
  region size 1024K, 10 young (10240K), 2 survivors (2048K)
 Metaspace       used 51904K, capacity 52995K, committed 53424K, reserved 1095680K
  class space    used 6432K, capacity 6790K, committed 6832K, reserved 1048576K
}
Event: 67.912 GC heap after
{Heap after GC invocations=21 (full 0):
 garbage-first heap   total 32768K, used 16875K [0x00000000a0000000, 0x0000000100000000)
  region size 1024K, 1 young (1024K), 1 survivors (1024K)
 Metaspace       used 51904K, capacity 52995K, committed 53424K, reserved 1095680K
  class space    used 6432K, capacity 6790K, committed 6832K, reserved 1048576K
}

